<?xml version="1.0" encoding="UTF-8"?>
<testsuite name="br.com.mertens.application.UseCaseTest" tests="1" skipped="0" failures="0" errors="0" timestamp="2023-01-31T11:27:06" hostname="TF-GUILHERME" time="0.028">
  <properties/>
  <testcase name="testCreateUseCase()" classname="br.com.mertens.application.UseCaseTest" time="0.028"/>
  <system-out><![CDATA[]]></system-out>
  <system-err><![CDATA[]]></system-err>
</testsuite>
