<?xml version="1.0" encoding="UTF-8"?>
<testsuite name="br.com.mertens.infrastructure.MainTest" tests="1" skipped="0" failures="0" errors="0" timestamp="2023-01-31T11:31:06" hostname="TF-GUILHERME" time="0.02">
  <properties/>
  <testcase name="testMain()" classname="br.com.mertens.infrastructure.MainTest" time="0.02"/>
  <system-out><![CDATA[Hello world!
br.com.mertens.domain.Category@1e6a3214
]]></system-out>
  <system-err><![CDATA[]]></system-err>
</testsuite>
