<?xml version="1.0" encoding="UTF-8"?>
<testsuite name="br.com.mertens.domain.category.CategoryTest" tests="1" skipped="0" failures="0" errors="0" timestamp="2023-01-31T11:55:28" hostname="TF-GUILHERME" time="0.052">
  <properties/>
  <testcase name="givenAValidParams_whenCallNewCategory_thenInstatiateACategory()" classname="br.com.mertens.domain.category.CategoryTest" time="0.052"/>
  <system-out><![CDATA[]]></system-out>
  <system-err><![CDATA[]]></system-err>
</testsuite>
